<?xml version="1.0" encoding="UTF-8"?>
<testsuite xmlns:xsi="http://www.w3.org/2001/XMLSchema-instance" xsi:noNamespaceSchemaLocation="https://maven.apache.org/surefire/maven-surefire-plugin/xsd/surefire-test-report-3.0.xsd" version="3.0" name="com.example.sparechange.client.CoinbaseProductTest" time="8.517" tests="1" errors="0" skipped="0" failures="0">
  <properties>
[...]
</properties>
  <testcase name="listAvailableProducts" classname="com.example.sparechange.client.CoinbaseProductTest" time="2.276">
    <system-out><![CDATA[08:43:29.533 [main] INFO org.springframework.test.context.support.AnnotationConfigContextLoaderUtils -- Could not detect default configuration classes for test class [com.example.sparechange.client.CoinbaseProductTest]: CoinbaseProductTest does not declare any static, non-private, non-final, nested classes annotated with @Configuration.
08:43:29.679 [main] INFO org.springframework.boot.test.context.SpringBootTestContextBootstrapper -- Found @SpringBootConfiguration com.example.sparechange.client.CoinbaseApiTestRunner for test class com.example.sparechange.client.CoinbaseProductTest

  .   ____          _            __ _ _
 /\\ / ___'_ __ _ _(_)_ __  __ _ \ \ \ \
( ( )\___ | '_ | '_| | '_ \/ _` | \ \ \ \
 \\/  ___)| |_)| | | | | || (_| |  ) ) ) )
  '  |____| .__|_| |_|_| |_\__, | / / / /
 =========|_|==============|___/=/_/_/_/
&amp#27;[32m :: Spring Boot :: &amp#27;[39m              &amp#27;[2m (v3.1.5)&amp#27;[0;39m

&amp#27;[2m2025-06-27T08:43:30.217-05:00&amp#27;[0;39m &amp#27;[32m INFO&amp#27;[0;39m &amp#27;[35m7533&amp#27;[0;39m &amp#27;[2m---&amp#27;[0;39m &amp#27;[2m[           main]&amp#27;[0;39m &amp#27;[36mc.e.s.client.CoinbaseProductTest        &amp#27;[0;39m &amp#27;[2m:&amp#27;[0;39m Starting CoinbaseProductTest using Java 24.0.1 with PID 7533 (started by WenGuReal in /Users/WenGuReal/Documents/Workspace/hackathon/spare-change/spare-change-api)
&amp#27;[2m2025-06-27T08:43:30.219-05:00&amp#27;[0;39m &amp#27;[32m INFO&amp#27;[0;39m &amp#27;[35m7533&amp#27;[0;39m &amp#27;[2m---&amp#27;[0;39m &amp#27;[2m[           main]&amp#27;[0;39m &amp#27;[36mc.e.s.client.CoinbaseProductTest        &amp#27;[0;39m &amp#27;[2m:&amp#27;[0;39m No active profile set, falling back to 1 default profile: "default"
&amp#27;[2m2025-06-27T08:43:31.263-05:00&amp#27;[0;39m &amp#27;[32m INFO&amp#27;[0;39m &amp#27;[35m7533&amp#27;[0;39m &amp#27;[2m---&amp#27;[0;39m &amp#27;[2m[           main]&amp#27;[0;39m &amp#27;[36m.s.d.r.c.RepositoryConfigurationDelegate&amp#27;[0;39m &amp#27;[2m:&amp#27;[0;39m Bootstrapping Spring Data JPA repositories in DEFAULT mode.
&amp#27;[2m2025-06-27T08:43:31.386-05:00&amp#27;[0;39m &amp#27;[32m INFO&amp#27;[0;39m &amp#27;[35m7533&amp#27;[0;39m &amp#27;[2m---&amp#27;[0;39m &amp#27;[2m[           main]&amp#27;[0;39m &amp#27;[36m.s.d.r.c.RepositoryConfigurationDelegate&amp#27;[0;39m &amp#27;[2m:&amp#27;[0;39m Finished Spring Data repository scanning in 116 ms. Found 2 JPA repository interfaces.
&amp#27;[2m2025-06-27T08:43:32.038-05:00&amp#27;[0;39m &amp#27;[32m INFO&amp#27;[0;39m &amp#27;[35m7533&amp#27;[0;39m &amp#27;[2m---&amp#27;[0;39m &amp#27;[2m[           main]&amp#27;[0;39m &amp#27;[36mo.f.c.internal.license.VersionPrinter   &amp#27;[0;39m &amp#27;[2m:&amp#27;[0;39m Flyway Community Edition 9.16.3 by Redgate
&amp#27;[2m2025-06-27T08:43:32.038-05:00&amp#27;[0;39m &amp#27;[32m INFO&amp#27;[0;39m &amp#27;[35m7533&amp#27;[0;39m &amp#27;[2m---&amp#27;[0;39m &amp#27;[2m[           main]&amp#27;[0;39m &amp#27;[36mo.f.c.internal.license.VersionPrinter   &amp#27;[0;39m &amp#27;[2m:&amp#27;[0;39m See release notes here: https://rd.gt/416ObMi
&amp#27;[2m2025-06-27T08:43:32.038-05:00&amp#27;[0;39m &amp#27;[32m INFO&amp#27;[0;39m &amp#27;[35m7533&amp#27;[0;39m &amp#27;[2m---&amp#27;[0;39m &amp#27;[2m[           main]&amp#27;[0;39m &amp#27;[36mo.f.c.internal.license.VersionPrinter   &amp#27;[0;39m &amp#27;[2m:&amp#27;[0;39m 
&amp#27;[2m2025-06-27T08:43:32.047-05:00&amp#27;[0;39m &amp#27;[32m INFO&amp#27;[0;39m &amp#27;[35m7533&amp#27;[0;39m &amp#27;[2m---&amp#27;[0;39m &amp#27;[2m[           main]&amp#27;[0;39m &amp#27;[36mcom.zaxxer.hikari.HikariDataSource      &amp#27;[0;39m &amp#27;[2m:&amp#27;[0;39m HikariPool-1 - Starting...
&amp#27;[2m2025-06-27T08:43:32.237-05:00&amp#27;[0;39m &amp#27;[32m INFO&amp#27;[0;39m &amp#27;[35m7533&amp#27;[0;39m &amp#27;[2m---&amp#27;[0;39m &amp#27;[2m[           main]&amp#27;[0;39m &amp#27;[36mcom.zaxxer.hikari.pool.HikariPool       &amp#27;[0;39m &amp#27;[2m:&amp#27;[0;39m HikariPool-1 - Added connection conn0: url=jdbc:h2:mem:sparechangedb user=SA
&amp#27;[2m2025-06-27T08:43:32.239-05:00&amp#27;[0;39m &amp#27;[32m INFO&amp#27;[0;39m &amp#27;[35m7533&amp#27;[0;39m &amp#27;[2m---&amp#27;[0;39m &amp#27;[2m[           main]&amp#27;[0;39m &amp#27;[36mcom.zaxxer.hikari.HikariDataSource      &amp#27;[0;39m &amp#27;[2m:&amp#27;[0;39m HikariPool-1 - Start completed.
&amp#27;[2m2025-06-27T08:43:32.294-05:00&amp#27;[0;39m &amp#27;[32m INFO&amp#27;[0;39m &amp#27;[35m7533&amp#27;[0;39m &amp#27;[2m---&amp#27;[0;39m &amp#27;[2m[           main]&amp#27;[0;39m &amp#27;[36mo.f.c.i.database.base.BaseDatabaseType  &amp#27;[0;39m &amp#27;[2m:&amp#27;[0;39m Database: jdbc:h2:mem:sparechangedb (H2 2.1)
&amp#27;[2m2025-06-27T08:43:32.485-05:00&amp#27;[0;39m &amp#27;[32m INFO&amp#27;[0;39m &amp#27;[35m7533&amp#27;[0;39m &amp#27;[2m---&amp#27;[0;39m &amp#27;[2m[           main]&amp#27;[0;39m &amp#27;[36mo.f.c.i.s.JdbcTableSchemaHistory        &amp#27;[0;39m &amp#27;[2m:&amp#27;[0;39m Schema history table "PUBLIC"."flyway_schema_history" does not exist yet
&amp#27;[2m2025-06-27T08:43:32.491-05:00&amp#27;[0;39m &amp#27;[32m INFO&amp#27;[0;39m &amp#27;[35m7533&amp#27;[0;39m &amp#27;[2m---&amp#27;[0;39m &amp#27;[2m[           main]&amp#27;[0;39m &amp#27;[36mo.f.core.internal.command.DbValidate    &amp#27;[0;39m &amp#27;[2m:&amp#27;[0;39m Successfully validated 1 migration (execution time 00:00.026s)
&amp#27;[2m2025-06-27T08:43:32.508-05:00&amp#27;[0;39m &amp#27;[32m INFO&amp#27;[0;39m &amp#27;[35m7533&amp#27;[0;39m &amp#27;[2m---&amp#27;[0;39m &amp#27;[2m[           main]&amp#27;[0;39m &amp#27;[36mo.f.c.i.s.JdbcTableSchemaHistory        &amp#27;[0;39m &amp#27;[2m:&amp#27;[0;39m Creating Schema History table "PUBLIC"."flyway_schema_history" ...
&amp#27;[2m2025-06-27T08:43:32.544-05:00&amp#27;[0;39m &amp#27;[32m INFO&amp#27;[0;39m &amp#27;[35m7533&amp#27;[0;39m &amp#27;[2m---&amp#27;[0;39m &amp#27;[2m[           main]&amp#27;[0;39m &amp#27;[36mo.f.core.internal.command.DbMigrate     &amp#27;[0;39m &amp#27;[2m:&amp#27;[0;39m Current version of schema "PUBLIC": << Empty Schema >>
&amp#27;[2m2025-06-27T08:43:32.556-05:00&amp#27;[0;39m &amp#27;[32m INFO&amp#27;[0;39m &amp#27;[35m7533&amp#27;[0;39m &amp#27;[2m---&amp#27;[0;39m &amp#27;[2m[           main]&amp#27;[0;39m &amp#27;[36mo.f.core.internal.command.DbMigrate     &amp#27;[0;39m &amp#27;[2m:&amp#27;[0;39m Migrating schema "PUBLIC" to version "1 - init schema"
&amp#27;[2m2025-06-27T08:43:32.579-05:00&amp#27;[0;39m &amp#27;[32m INFO&amp#27;[0;39m &amp#27;[35m7533&amp#27;[0;39m &amp#27;[2m---&amp#27;[0;39m &amp#27;[2m[           main]&amp#27;[0;39m &amp#27;[36mo.f.core.internal.command.DbMigrate     &amp#27;[0;39m &amp#27;[2m:&amp#27;[0;39m Successfully applied 1 migration to schema "PUBLIC", now at version v1 (execution time 00:00.037s)
&amp#27;[2m2025-06-27T08:43:32.857-05:00&amp#27;[0;39m &amp#27;[32m INFO&amp#27;[0;39m &amp#27;[35m7533&amp#27;[0;39m &amp#27;[2m---&amp#27;[0;39m &amp#27;[2m[           main]&amp#27;[0;39m &amp#27;[36mo.hibernate.jpa.internal.util.LogHelper &amp#27;[0;39m &amp#27;[2m:&amp#27;[0;39m HHH000204: Processing PersistenceUnitInfo [name: default]
&amp#27;[2m2025-06-27T08:43:32.891-05:00&amp#27;[0;39m &amp#27;[32m INFO&amp#27;[0;39m &amp#27;[35m7533&amp#27;[0;39m &amp#27;[2m---&amp#27;[0;39m &amp#27;[2m[           main]&amp#27;[0;39m &amp#27;[36morg.hibernate.Version                   &amp#27;[0;39m &amp#27;[2m:&amp#27;[0;39m HHH000412: Hibernate ORM core version 6.2.13.Final
&amp#27;[2m2025-06-27T08:43:32.893-05:00&amp#27;[0;39m &amp#27;[32m INFO&amp#27;[0;39m &amp#27;[35m7533&amp#27;[0;39m &amp#27;[2m---&amp#27;[0;39m &amp#27;[2m[           main]&amp#27;[0;39m &amp#27;[36morg.hibernate.cfg.Environment           &amp#27;[0;39m &amp#27;[2m:&amp#27;[0;39m HHH000406: Using bytecode reflection optimizer
&amp#27;[2m2025-06-27T08:43:33.061-05:00&amp#27;[0;39m &amp#27;[32m INFO&amp#27;[0;39m &amp#27;[35m7533&amp#27;[0;39m &amp#27;[2m---&amp#27;[0;39m &amp#27;[2m[           main]&amp#27;[0;39m &amp#27;[36mo.s.o.j.p.SpringPersistenceUnitInfo     &amp#27;[0;39m &amp#27;[2m:&amp#27;[0;39m No LoadTimeWeaver setup: ignoring JPA class transformer
&amp#27;[2m2025-06-27T08:43:33.084-05:00&amp#27;[0;39m &amp#27;[33m WARN&amp#27;[0;39m &amp#27;[35m7533&amp#27;[0;39m &amp#27;[2m---&amp#27;[0;39m &amp#27;[2m[           main]&amp#27;[0;39m &amp#27;[36morg.hibernate.orm.deprecation           &amp#27;[0;39m &amp#27;[2m:&amp#27;[0;39m HHH90000025: H2Dialect does not need to be specified explicitly using 'hibernate.dialect' (remove the property setting and it will be selected by default)
&amp#27;[2m2025-06-27T08:43:33.577-05:00&amp#27;[0;39m &amp#27;[32m INFO&amp#27;[0;39m &amp#27;[35m7533&amp#27;[0;39m &amp#27;[2m---&amp#27;[0;39m &amp#27;[2m[           main]&amp#27;[0;39m &amp#27;[36mo.h.e.t.j.p.i.JtaPlatformInitiator      &amp#27;[0;39m &amp#27;[2m:&amp#27;[0;39m HHH000489: No JTA platform available (set 'hibernate.transaction.jta.platform' to enable JTA platform integration)
&amp#27;[2m2025-06-27T08:43:33.589-05:00&amp#27;[0;39m &amp#27;[32m INFO&amp#27;[0;39m &amp#27;[35m7533&amp#27;[0;39m &amp#27;[2m---&amp#27;[0;39m &amp#27;[2m[           main]&amp#27;[0;39m &amp#27;[36mj.LocalContainerEntityManagerFactoryBean&amp#27;[0;39m &amp#27;[2m:&amp#27;[0;39m Initialized JPA EntityManagerFactory for persistence unit 'default'
&amp#27;[2m2025-06-27T08:43:34.314-05:00&amp#27;[0;39m &amp#27;[32m INFO&amp#27;[0;39m &amp#27;[35m7533&amp#27;[0;39m &amp#27;[2m---&amp#27;[0;39m &amp#27;[2m[           main]&amp#27;[0;39m &amp#27;[36mo.s.d.j.r.query.QueryEnhancerFactory    &amp#27;[0;39m &amp#27;[2m:&amp#27;[0;39m Hibernate is in classpath; If applicable, HQL parser will be used.
&amp#27;[2m2025-06-27T08:43:35.225-05:00&amp#27;[0;39m &amp#27;[33m WARN&amp#27;[0;39m &amp#27;[35m7533&amp#27;[0;39m &amp#27;[2m---&amp#27;[0;39m &amp#27;[2m[           main]&amp#27;[0;39m &amp#27;[36mJpaBaseConfiguration$JpaWebConfiguration&amp#27;[0;39m &amp#27;[2m:&amp#27;[0;39m spring.jpa.open-in-view is enabled by default. Therefore, database queries may be performed during view rendering. Explicitly configure spring.jpa.open-in-view to disable this warning
&amp#27;[2m2025-06-27T08:43:35.483-05:00&amp#27;[0;39m &amp#27;[32m INFO&amp#27;[0;39m &amp#27;[35m7533&amp#27;[0;39m &amp#27;[2m---&amp#27;[0;39m &amp#27;[2m[           main]&amp#27;[0;39m &amp#27;[36mo.s.b.a.h2.H2ConsoleAutoConfiguration   &amp#27;[0;39m &amp#27;[2m:&amp#27;[0;39m H2 console available at '/h2-console'. Database available at 'jdbc:h2:mem:sparechangedb'
&amp#27;[2m2025-06-27T08:43:35.556-05:00&amp#27;[0;39m &amp#27;[32m INFO&amp#27;[0;39m &amp#27;[35m7533&amp#27;[0;39m &amp#27;[2m---&amp#27;[0;39m &amp#27;[2m[   scheduling-1]&amp#27;[0;39m &amp#27;[36mc.e.s.service.ThresholdService          &amp#27;[0;39m &amp#27;[2m:&amp#27;[0;39m Running scheduled threshold check
&amp#27;[2m2025-06-27T08:43:35.557-05:00&amp#27;[0;39m &amp#27;[32m INFO&amp#27;[0;39m &amp#27;[35m7533&amp#27;[0;39m &amp#27;[2m---&amp#27;[0;39m &amp#27;[2m[   scheduling-1]&amp#27;[0;39m &amp#27;[36mc.e.s.service.ThresholdService          &amp#27;[0;39m &amp#27;[2m:&amp#27;[0;39m Checking spare change threshold
&amp#27;[2m2025-06-27T08:43:35.557-05:00&amp#27;[0;39m &amp#27;[32m INFO&amp#27;[0;39m &amp#27;[35m7533&amp#27;[0;39m &amp#27;[2m---&amp#27;[0;39m &amp#27;[2m[           main]&amp#27;[0;39m &amp#27;[36mc.e.s.client.CoinbaseProductTest        &amp#27;[0;39m &amp#27;[2m:&amp#27;[0;39m Started CoinbaseProductTest in 5.708 seconds (process running for 6.903)
Hibernate: select coalesce(sum(t1_0.spare_usd),0) from transactions t1_0 where t1_0.status=?
&amp#27;[2m2025-06-27T08:43:35.668-05:00&amp#27;[0;39m &amp#27;[32m INFO&amp#27;[0;39m &amp#27;[35m7533&amp#27;[0;39m &amp#27;[2m---&amp#27;[0;39m &amp#27;[2m[   scheduling-1]&amp#27;[0;39m &amp#27;[36mc.e.s.service.ThresholdService          &amp#27;[0;39m &amp#27;[2m:&amp#27;[0;39m Total spare change available: $0
&amp#27;[2m2025-06-27T08:43:35.669-05:00&amp#27;[0;39m &amp#27;[32m INFO&amp#27;[0;39m &amp#27;[35m7533&amp#27;[0;39m &amp#27;[2m---&amp#27;[0;39m &amp#27;[2m[   scheduling-1]&amp#27;[0;39m &amp#27;[36mc.e.s.service.ThresholdService          &amp#27;[0;39m &amp#27;[2m:&amp#27;[0;39m Spare change $0 is below threshold $5.0
=== Available Products in Sandbox ===
Products: [{"id":"USDT-USD","base_currency":"USDT","quote_currency":"USD","quote_increment":"0.00001","base_increment":"0.01","display_name":"USDT-USD","min_market_funds":"1","margin_enabled":false,"post_only":false,"limit_only":false,"cancel_only":false,"status":"online","status_message":"","trading_disabled":false,"fx_stablecoin":true,"max_slippage_percentage":"0.01000000","auction_mode":false,"high_bid_limit_percentage":""},{"id":"ETH-BTC","base_currency":"ETH","quote_currency":"BTC","quote_increment":"0.00001","base_increment":"0.00000001","display_name":"ETH-BTC","min_market_funds":"0.00001","margin_enabled":false,"post_only":false,"limit_only":false,"cancel_only":false,"status":"online","status_message":"","trading_disabled":false,"fx_stablecoin":false,"max_slippage_percentage":"0.10000000","auction_mode":false,"high_bid_limit_percentage":""},{"id":"BTC-EUR","base_currency":"BTC","quote_currency":"EUR","quote_increment":"0.01","base_increment":"0.00000001","display_name":"BTC-EUR","min_market_funds":"0.84","margin_enabled":false,"post_only":false,"limit_only":false,"cancel_only":false,"status":"online","status_message":"","trading_disabled":false,"fx_stablecoin":false,"max_slippage_percentage":"0.10000000","auction_mode":false,"high_bid_limit_percentage":""},{"id":"BTC-GBP","base_currency":"BTC","quote_currency":"GBP","quote_increment":"0.01","base_increment":"0.00000001","display_name":"BTC-GBP","min_market_funds":"0.72","margin_enabled":false,"post_only":false,"limit_only":false,"cancel_only":false,"status":"online","status_message":"","trading_disabled":false,"fx_stablecoin":false,"max_slippage_percentage":"0.10000000","auction_mode":false,"high_bid_limit_percentage":""},{"id":"XRP-EUR","base_currency":"XRP","quote_currency":"EUR","quote_increment":"0.0001","base_increment":"1","display_name":"XRP-EUR","min_market_funds":"10","margin_enabled":false,"post_only":false,"limit_only":false,"cancel_only":false,"status":"delisted","status_message":"","trading_disabled":true,"fx_stablecoin":false,"max_slippage_percentage":"0.10000000","auction_mode":false,"high_bid_limit_percentage":""},{"id":"BCH-USD","base_currency":"BCH","quote_currency":"USD","quote_increment":"0.01","base_increment":"0.00000001","display_name":"BCH-USD","min_market_funds":"1","margin_enabled":false,"post_only":false,"limit_only":false,"cancel_only":false,"status":"online","status_message":"","trading_disabled":false,"fx_stablecoin":false,"max_slippage_percentage":"0.10000000","auction_mode":true,"high_bid_limit_percentage":""},{"id":"XRP-GBP","base_currency":"XRP","quote_currency":"GBP","quote_increment":"0.0001","base_increment":"0.000001","display_name":"XRP-GBP","min_market_funds":"10","margin_enabled":false,"post_only":false,"limit_only":false,"cancel_only":false,"status":"delisted","status_message":"","trading_disabled":true,"fx_stablecoin":false,"max_slippage_percentage":"0.10000000","auction_mode":false,"high_bid_limit_percentage":""},{"id":"XRP-BTC","base_currency":"XRP","quote_currency":"BTC","quote_increment":"0.00000001","base_increment":"1","display_name":"XRP-BTC","min_market_funds":"0.001","margin_enabled":false,"post_only":false,"limit_only":false,"cancel_only":false,"status":"delisted","status_message":"","trading_disabled":true,"fx_stablecoin":false,"max_slippage_percentage":"0.10000000","auction_mode":false,"high_bid_limit_percentage":""},{"id":"BTC-USD","base_currency":"BTC","quote_currency":"USD","quote_increment":"0.01","base_increment":"0.00000001","display_name":"BTC-USD","min_market_funds":"1","margin_enabled":true,"post_only":false,"limit_only":false,"cancel_only":false,"status":"online","status_message":"","trading_disabled":false,"fx_stablecoin":false,"max_slippage_percentage":"0.75000000","auction_mode":false,"high_bid_limit_percentage":""},{"id":"LINK-USDC","base_currency":"LINK","quote_currency":"USDC","quote_increment":"0.000001","base_increment":"1","display_name":"LINK-USDC","min_market_funds":"10","margin_enabled":false,"post_only":false,"limit_only":false,"cancel_only":false,"status":"online","status_message":"","trading_disabled":false,"fx_stablecoin":false,"max_slippage_percentage":"0.01000000","auction_mode":false,"high_bid_limit_percentage":"0.03000000"},{"id":"BAT-USDC","base_currency":"BAT","quote_currency":"USDC","quote_increment":"0.000001","base_increment":"0.000001","display_name":"BAT-USDC","min_market_funds":"1","margin_enabled":false,"post_only":false,"limit_only":false,"cancel_only":false,"status":"delisted","status_message":"","trading_disabled":true,"fx_stablecoin":false,"max_slippage_percentage":"0.10000000","auction_mode":false,"high_bid_limit_percentage":""},{"id":"LINK-USD","base_currency":"LINK","quote_currency":"USD","quote_increment":"0.01","base_increment":"0.01","display_name":"LINK-USD","min_market_funds":"1","margin_enabled":false,"post_only":false,"limit_only":false,"cancel_only":false,"status":"online","status_message":"","trading_disabled":false,"fx_stablecoin":false,"max_slippage_percentage":"0.99000000","auction_mode":false,"high_bid_limit_percentage":""}]

=== Checking BTC-USD ===
BTC-USD: {"id":"BTC-USD","base_currency":"BTC","quote_currency":"USD","quote_increment":"0.01","base_increment":"0.00000001","display_name":"BTC-USD","min_market_funds":"1","margin_enabled":true,"post_only":false,"limit_only":false,"cancel_only":false,"status":"online","status_message":"","trading_disabled":false,"fx_stablecoin":false,"max_slippage_percentage":"0.75000000","auction_mode":false,"high_bid_limit_percentage":""}
]]></system-out>
    <system-err><![CDATA[WARNING: A Java agent has been loaded dynamically (/Users/WenGuReal/.m2/repository/net/bytebuddy/byte-buddy-agent/1.14.9/byte-buddy-agent-1.14.9.jar)
WARNING: If a serviceability tool is in use, please run with -XX:+EnableDynamicAgentLoading to hide this warning
WARNING: If a serviceability tool is not in use, please run with -Djdk.instrument.traceUsage for more information
WARNING: Dynamic loading of agents will be disallowed by default in a future release
]]></system-err>
  </testcase>
</testsuite>