<?xml version="1.0" encoding="UTF-8"?>
<testsuite xmlns:xsi="http://www.w3.org/2001/XMLSchema-instance" xsi:noNamespaceSchemaLocation="https://maven.apache.org/surefire/maven-surefire-plugin/xsd/surefire-test-report-3.0.xsd" version="3.0" name="com.example.sparechange.controller.CronControllerTest" time="1.01" tests="2" errors="0" skipped="0" failures="0">
  <properties>
[...]
</properties>
  <testcase name="triggerThresholdCheck_WhenExecuted_ShouldReturnSuccess" classname="com.example.sparechange.controller.CronControllerTest" time="0.055">
    <system-out><![CDATA[08:16:45.861 [main] INFO org.springframework.test.context.support.AnnotationConfigContextLoaderUtils -- Could not detect default configuration classes for test class [com.example.sparechange.controller.CronControllerTest]: CronControllerTest does not declare any static, non-private, non-final, nested classes annotated with @Configuration.
08:16:45.897 [main] INFO org.springframework.boot.test.context.SpringBootTestContextBootstrapper -- Found @SpringBootConfiguration com.example.sparechange.SpareChangeApiApplication for test class com.example.sparechange.controller.CronControllerTest

  .   ____          _            __ _ _
 /\\ / ___'_ __ _ _(_)_ __  __ _ \ \ \ \
( ( )\___ | '_ | '_| | '_ \/ _` | \ \ \ \
 \\/  ___)| |_)| | | | | || (_| |  ) ) ) )
  '  |____| .__|_| |_|_| |_\__, | / / / /
 =========|_|==============|___/=/_/_/_/
 :: Spring Boot ::                (v3.1.5)

2025-06-27T08:16:46.003-05:00  INFO 5474 --- [           main] c.e.s.controller.CronControllerTest      : Starting CronControllerTest using Java 17.0.15 with PID 5474 (started by WenGuReal in /Users/WenGuReal/Documents/Workspace/hackathon/spare-change/spare-change-api)
2025-06-27T08:16:46.003-05:00  INFO 5474 --- [           main] c.e.s.controller.CronControllerTest      : No active profile set, falling back to 1 default profile: "default"
2025-06-27T08:16:46.714-05:00  INFO 5474 --- [           main] o.s.b.t.m.w.SpringBootMockServletContext : Initializing Spring TestDispatcherServlet ''
2025-06-27T08:16:46.714-05:00  INFO 5474 --- [           main] o.s.t.web.servlet.TestDispatcherServlet  : Initializing Servlet ''
2025-06-27T08:16:46.715-05:00  INFO 5474 --- [           main] o.s.t.web.servlet.TestDispatcherServlet  : Completed initialization in 1 ms
2025-06-27T08:16:46.753-05:00  INFO 5474 --- [           main] c.e.s.controller.CronControllerTest      : Started CronControllerTest in 0.837 seconds (process running for 1.102)
]]></system-out>
  </testcase>
  <testcase name="triggerThresholdCheck_WhenNotExecuted_ShouldReturnThresholdNotMet" classname="com.example.sparechange.controller.CronControllerTest" time="0.004"/>
</testsuite>