<?xml version="1.0" encoding="UTF-8"?>
<testsuite xmlns:xsi="http://www.w3.org/2001/XMLSchema-instance" xsi:noNamespaceSchemaLocation="https://maven.apache.org/surefire/maven-surefire-plugin/xsd/surefire-test-report-3.0.xsd" version="3.0" name="com.example.sparechange.controller.RoundUpControllerTest" time="7.766" tests="4" errors="0" skipped="0" failures="0">
  <properties>
[...]
</properties>
  <testcase name="testEmptyRoundUpOrders" classname="com.example.sparechange.controller.RoundUpControllerTest" time="0.683">
    <system-out><![CDATA[09:06:12.822 [main] INFO org.springframework.test.context.support.AnnotationConfigContextLoaderUtils -- Could not detect default configuration classes for test class [com.example.sparechange.controller.RoundUpControllerTest]: RoundUpControllerTest does not declare any static, non-private, non-final, nested classes annotated with @Configuration.
09:06:13.027 [main] INFO org.springframework.boot.test.context.SpringBootTestContextBootstrapper -- Found @SpringBootConfiguration com.example.sparechange.SpareChangeApiApplication for test class com.example.sparechange.controller.RoundUpControllerTest

  .   ____          _            __ _ _
 /\\ / ___'_ __ _ _(_)_ __  __ _ \ \ \ \
( ( )\___ | '_ | '_| | '_ \/ _` | \ \ \ \
 \\/  ___)| |_)| | | | | || (_| |  ) ) ) )
  '  |____| .__|_| |_|_| |_\__, | / / / /
 =========|_|==============|___/=/_/_/_/
&amp#27;[32m :: Spring Boot :: &amp#27;[39m              &amp#27;[2m (v3.1.5)&amp#27;[0;39m

&amp#27;[2m2025-06-27T09:06:13.614-05:00&amp#27;[0;39m &amp#27;[32m INFO&amp#27;[0;39m &amp#27;[35m8981&amp#27;[0;39m &amp#27;[2m---&amp#27;[0;39m &amp#27;[2m[           main]&amp#27;[0;39m &amp#27;[36mc.e.s.controller.RoundUpControllerTest  &amp#27;[0;39m &amp#27;[2m:&amp#27;[0;39m Starting RoundUpControllerTest using Java 24.0.1 with PID 8981 (started by WenGuReal in /Users/WenGuReal/Documents/Workspace/hackathon/spare-change/spare-change-api)
&amp#27;[2m2025-06-27T09:06:13.616-05:00&amp#27;[0;39m &amp#27;[32m INFO&amp#27;[0;39m &amp#27;[35m8981&amp#27;[0;39m &amp#27;[2m---&amp#27;[0;39m &amp#27;[2m[           main]&amp#27;[0;39m &amp#27;[36mc.e.s.controller.RoundUpControllerTest  &amp#27;[0;39m &amp#27;[2m:&amp#27;[0;39m No active profile set, falling back to 1 default profile: "default"
&amp#27;[2m2025-06-27T09:06:14.689-05:00&amp#27;[0;39m &amp#27;[32m INFO&amp#27;[0;39m &amp#27;[35m8981&amp#27;[0;39m &amp#27;[2m---&amp#27;[0;39m &amp#27;[2m[           main]&amp#27;[0;39m &amp#27;[36m.s.d.r.c.RepositoryConfigurationDelegate&amp#27;[0;39m &amp#27;[2m:&amp#27;[0;39m Bootstrapping Spring Data JPA repositories in DEFAULT mode.
&amp#27;[2m2025-06-27T09:06:14.817-05:00&amp#27;[0;39m &amp#27;[32m INFO&amp#27;[0;39m &amp#27;[35m8981&amp#27;[0;39m &amp#27;[2m---&amp#27;[0;39m &amp#27;[2m[           main]&amp#27;[0;39m &amp#27;[36m.s.d.r.c.RepositoryConfigurationDelegate&amp#27;[0;39m &amp#27;[2m:&amp#27;[0;39m Finished Spring Data repository scanning in 121 ms. Found 2 JPA repository interfaces.
&amp#27;[2m2025-06-27T09:06:15.610-05:00&amp#27;[0;39m &amp#27;[32m INFO&amp#27;[0;39m &amp#27;[35m8981&amp#27;[0;39m &amp#27;[2m---&amp#27;[0;39m &amp#27;[2m[           main]&amp#27;[0;39m &amp#27;[36mo.f.c.internal.license.VersionPrinter   &amp#27;[0;39m &amp#27;[2m:&amp#27;[0;39m Flyway Community Edition 9.16.3 by Redgate
&amp#27;[2m2025-06-27T09:06:15.611-05:00&amp#27;[0;39m &amp#27;[32m INFO&amp#27;[0;39m &amp#27;[35m8981&amp#27;[0;39m &amp#27;[2m---&amp#27;[0;39m &amp#27;[2m[           main]&amp#27;[0;39m &amp#27;[36mo.f.c.internal.license.VersionPrinter   &amp#27;[0;39m &amp#27;[2m:&amp#27;[0;39m See release notes here: https://rd.gt/416ObMi
&amp#27;[2m2025-06-27T09:06:15.611-05:00&amp#27;[0;39m &amp#27;[32m INFO&amp#27;[0;39m &amp#27;[35m8981&amp#27;[0;39m &amp#27;[2m---&amp#27;[0;39m &amp#27;[2m[           main]&amp#27;[0;39m &amp#27;[36mo.f.c.internal.license.VersionPrinter   &amp#27;[0;39m &amp#27;[2m:&amp#27;[0;39m 
&amp#27;[2m2025-06-27T09:06:15.622-05:00&amp#27;[0;39m &amp#27;[32m INFO&amp#27;[0;39m &amp#27;[35m8981&amp#27;[0;39m &amp#27;[2m---&amp#27;[0;39m &amp#27;[2m[           main]&amp#27;[0;39m &amp#27;[36mcom.zaxxer.hikari.HikariDataSource      &amp#27;[0;39m &amp#27;[2m:&amp#27;[0;39m HikariPool-1 - Starting...
&amp#27;[2m2025-06-27T09:06:15.803-05:00&amp#27;[0;39m &amp#27;[32m INFO&amp#27;[0;39m &amp#27;[35m8981&amp#27;[0;39m &amp#27;[2m---&amp#27;[0;39m &amp#27;[2m[           main]&amp#27;[0;39m &amp#27;[36mcom.zaxxer.hikari.pool.HikariPool       &amp#27;[0;39m &amp#27;[2m:&amp#27;[0;39m HikariPool-1 - Added connection conn0: url=jdbc:h2:mem:sparechangedb user=SA
&amp#27;[2m2025-06-27T09:06:15.805-05:00&amp#27;[0;39m &amp#27;[32m INFO&amp#27;[0;39m &amp#27;[35m8981&amp#27;[0;39m &amp#27;[2m---&amp#27;[0;39m &amp#27;[2m[           main]&amp#27;[0;39m &amp#27;[36mcom.zaxxer.hikari.HikariDataSource      &amp#27;[0;39m &amp#27;[2m:&amp#27;[0;39m HikariPool-1 - Start completed.
&amp#27;[2m2025-06-27T09:06:15.869-05:00&amp#27;[0;39m &amp#27;[32m INFO&amp#27;[0;39m &amp#27;[35m8981&amp#27;[0;39m &amp#27;[2m---&amp#27;[0;39m &amp#27;[2m[           main]&amp#27;[0;39m &amp#27;[36mo.f.c.i.database.base.BaseDatabaseType  &amp#27;[0;39m &amp#27;[2m:&amp#27;[0;39m Database: jdbc:h2:mem:sparechangedb (H2 2.1)
&amp#27;[2m2025-06-27T09:06:16.099-05:00&amp#27;[0;39m &amp#27;[32m INFO&amp#27;[0;39m &amp#27;[35m8981&amp#27;[0;39m &amp#27;[2m---&amp#27;[0;39m &amp#27;[2m[           main]&amp#27;[0;39m &amp#27;[36mo.f.c.i.s.JdbcTableSchemaHistory        &amp#27;[0;39m &amp#27;[2m:&amp#27;[0;39m Schema history table "PUBLIC"."flyway_schema_history" does not exist yet
&amp#27;[2m2025-06-27T09:06:16.108-05:00&amp#27;[0;39m &amp#27;[32m INFO&amp#27;[0;39m &amp#27;[35m8981&amp#27;[0;39m &amp#27;[2m---&amp#27;[0;39m &amp#27;[2m[           main]&amp#27;[0;39m &amp#27;[36mo.f.core.internal.command.DbValidate    &amp#27;[0;39m &amp#27;[2m:&amp#27;[0;39m Successfully validated 1 migration (execution time 00:00.036s)
&amp#27;[2m2025-06-27T09:06:16.128-05:00&amp#27;[0;39m &amp#27;[32m INFO&amp#27;[0;39m &amp#27;[35m8981&amp#27;[0;39m &amp#27;[2m---&amp#27;[0;39m &amp#27;[2m[           main]&amp#27;[0;39m &amp#27;[36mo.f.c.i.s.JdbcTableSchemaHistory        &amp#27;[0;39m &amp#27;[2m:&amp#27;[0;39m Creating Schema History table "PUBLIC"."flyway_schema_history" ...
&amp#27;[2m2025-06-27T09:06:16.171-05:00&amp#27;[0;39m &amp#27;[32m INFO&amp#27;[0;39m &amp#27;[35m8981&amp#27;[0;39m &amp#27;[2m---&amp#27;[0;39m &amp#27;[2m[           main]&amp#27;[0;39m &amp#27;[36mo.f.core.internal.command.DbMigrate     &amp#27;[0;39m &amp#27;[2m:&amp#27;[0;39m Current version of schema "PUBLIC": << Empty Schema >>
&amp#27;[2m2025-06-27T09:06:16.188-05:00&amp#27;[0;39m &amp#27;[32m INFO&amp#27;[0;39m &amp#27;[35m8981&amp#27;[0;39m &amp#27;[2m---&amp#27;[0;39m &amp#27;[2m[           main]&amp#27;[0;39m &amp#27;[36mo.f.core.internal.command.DbMigrate     &amp#27;[0;39m &amp#27;[2m:&amp#27;[0;39m Migrating schema "PUBLIC" to version "1 - init schema"
&amp#27;[2m2025-06-27T09:06:16.215-05:00&amp#27;[0;39m &amp#27;[32m INFO&amp#27;[0;39m &amp#27;[35m8981&amp#27;[0;39m &amp#27;[2m---&amp#27;[0;39m &amp#27;[2m[           main]&amp#27;[0;39m &amp#27;[36mo.f.core.internal.command.DbMigrate     &amp#27;[0;39m &amp#27;[2m:&amp#27;[0;39m Successfully applied 1 migration to schema "PUBLIC", now at version v1 (execution time 00:00.050s)
&amp#27;[2m2025-06-27T09:06:16.585-05:00&amp#27;[0;39m &amp#27;[32m INFO&amp#27;[0;39m &amp#27;[35m8981&amp#27;[0;39m &amp#27;[2m---&amp#27;[0;39m &amp#27;[2m[           main]&amp#27;[0;39m &amp#27;[36mo.hibernate.jpa.internal.util.LogHelper &amp#27;[0;39m &amp#27;[2m:&amp#27;[0;39m HHH000204: Processing PersistenceUnitInfo [name: default]
&amp#27;[2m2025-06-27T09:06:16.636-05:00&amp#27;[0;39m &amp#27;[32m INFO&amp#27;[0;39m &amp#27;[35m8981&amp#27;[0;39m &amp#27;[2m---&amp#27;[0;39m &amp#27;[2m[           main]&amp#27;[0;39m &amp#27;[36morg.hibernate.Version                   &amp#27;[0;39m &amp#27;[2m:&amp#27;[0;39m HHH000412: Hibernate ORM core version 6.2.13.Final
&amp#27;[2m2025-06-27T09:06:16.639-05:00&amp#27;[0;39m &amp#27;[32m INFO&amp#27;[0;39m &amp#27;[35m8981&amp#27;[0;39m &amp#27;[2m---&amp#27;[0;39m &amp#27;[2m[           main]&amp#27;[0;39m &amp#27;[36morg.hibernate.cfg.Environment           &amp#27;[0;39m &amp#27;[2m:&amp#27;[0;39m HHH000406: Using bytecode reflection optimizer
&amp#27;[2m2025-06-27T09:06:16.851-05:00&amp#27;[0;39m &amp#27;[32m INFO&amp#27;[0;39m &amp#27;[35m8981&amp#27;[0;39m &amp#27;[2m---&amp#27;[0;39m &amp#27;[2m[           main]&amp#27;[0;39m &amp#27;[36mo.s.o.j.p.SpringPersistenceUnitInfo     &amp#27;[0;39m &amp#27;[2m:&amp#27;[0;39m No LoadTimeWeaver setup: ignoring JPA class transformer
&amp#27;[2m2025-06-27T09:06:16.874-05:00&amp#27;[0;39m &amp#27;[33m WARN&amp#27;[0;39m &amp#27;[35m8981&amp#27;[0;39m &amp#27;[2m---&amp#27;[0;39m &amp#27;[2m[           main]&amp#27;[0;39m &amp#27;[36morg.hibernate.orm.deprecation           &amp#27;[0;39m &amp#27;[2m:&amp#27;[0;39m HHH90000025: H2Dialect does not need to be specified explicitly using 'hibernate.dialect' (remove the property setting and it will be selected by default)
&amp#27;[2m2025-06-27T09:06:17.442-05:00&amp#27;[0;39m &amp#27;[32m INFO&amp#27;[0;39m &amp#27;[35m8981&amp#27;[0;39m &amp#27;[2m---&amp#27;[0;39m &amp#27;[2m[           main]&amp#27;[0;39m &amp#27;[36mo.h.e.t.j.p.i.JtaPlatformInitiator      &amp#27;[0;39m &amp#27;[2m:&amp#27;[0;39m HHH000489: No JTA platform available (set 'hibernate.transaction.jta.platform' to enable JTA platform integration)
&amp#27;[2m2025-06-27T09:06:17.456-05:00&amp#27;[0;39m &amp#27;[32m INFO&amp#27;[0;39m &amp#27;[35m8981&amp#27;[0;39m &amp#27;[2m---&amp#27;[0;39m &amp#27;[2m[           main]&amp#27;[0;39m &amp#27;[36mj.LocalContainerEntityManagerFactoryBean&amp#27;[0;39m &amp#27;[2m:&amp#27;[0;39m Initialized JPA EntityManagerFactory for persistence unit 'default'
&amp#27;[2m2025-06-27T09:06:18.319-05:00&amp#27;[0;39m &amp#27;[32m INFO&amp#27;[0;39m &amp#27;[35m8981&amp#27;[0;39m &amp#27;[2m---&amp#27;[0;39m &amp#27;[2m[           main]&amp#27;[0;39m &amp#27;[36mo.s.d.j.r.query.QueryEnhancerFactory    &amp#27;[0;39m &amp#27;[2m:&amp#27;[0;39m Hibernate is in classpath; If applicable, HQL parser will be used.
&amp#27;[2m2025-06-27T09:06:19.247-05:00&amp#27;[0;39m &amp#27;[33m WARN&amp#27;[0;39m &amp#27;[35m8981&amp#27;[0;39m &amp#27;[2m---&amp#27;[0;39m &amp#27;[2m[           main]&amp#27;[0;39m &amp#27;[36mJpaBaseConfiguration$JpaWebConfiguration&amp#27;[0;39m &amp#27;[2m:&amp#27;[0;39m spring.jpa.open-in-view is enabled by default. Therefore, database queries may be performed during view rendering. Explicitly configure spring.jpa.open-in-view to disable this warning
&amp#27;[2m2025-06-27T09:06:19.501-05:00&amp#27;[0;39m &amp#27;[32m INFO&amp#27;[0;39m &amp#27;[35m8981&amp#27;[0;39m &amp#27;[2m---&amp#27;[0;39m &amp#27;[2m[           main]&amp#27;[0;39m &amp#27;[36mo.s.b.a.h2.H2ConsoleAutoConfiguration   &amp#27;[0;39m &amp#27;[2m:&amp#27;[0;39m H2 console available at '/h2-console'. Database available at 'jdbc:h2:mem:sparechangedb'
&amp#27;[2m2025-06-27T09:06:19.570-05:00&amp#27;[0;39m &amp#27;[32m INFO&amp#27;[0;39m &amp#27;[35m8981&amp#27;[0;39m &amp#27;[2m---&amp#27;[0;39m &amp#27;[2m[           main]&amp#27;[0;39m &amp#27;[36mo.s.b.t.m.w.SpringBootMockServletContext&amp#27;[0;39m &amp#27;[2m:&amp#27;[0;39m Initializing Spring TestDispatcherServlet ''
&amp#27;[2m2025-06-27T09:06:19.570-05:00&amp#27;[0;39m &amp#27;[32m INFO&amp#27;[0;39m &amp#27;[35m8981&amp#27;[0;39m &amp#27;[2m---&amp#27;[0;39m &amp#27;[2m[           main]&amp#27;[0;39m &amp#27;[36mo.s.t.web.servlet.TestDispatcherServlet &amp#27;[0;39m &amp#27;[2m:&amp#27;[0;39m Initializing Servlet ''
&amp#27;[2m2025-06-27T09:06:19.573-05:00&amp#27;[0;39m &amp#27;[32m INFO&amp#27;[0;39m &amp#27;[35m8981&amp#27;[0;39m &amp#27;[2m---&amp#27;[0;39m &amp#27;[2m[           main]&amp#27;[0;39m &amp#27;[36mo.s.t.web.servlet.TestDispatcherServlet &amp#27;[0;39m &amp#27;[2m:&amp#27;[0;39m Completed initialization in 0 ms
&amp#27;[2m2025-06-27T09:06:19.617-05:00&amp#27;[0;39m &amp#27;[32m INFO&amp#27;[0;39m &amp#27;[35m8981&amp#27;[0;39m &amp#27;[2m---&amp#27;[0;39m &amp#27;[2m[   scheduling-1]&amp#27;[0;39m &amp#27;[36mc.e.s.service.ThresholdService          &amp#27;[0;39m &amp#27;[2m:&amp#27;[0;39m Running scheduled threshold check
&amp#27;[2m2025-06-27T09:06:19.618-05:00&amp#27;[0;39m &amp#27;[32m INFO&amp#27;[0;39m &amp#27;[35m8981&amp#27;[0;39m &amp#27;[2m---&amp#27;[0;39m &amp#27;[2m[   scheduling-1]&amp#27;[0;39m &amp#27;[36mc.e.s.service.ThresholdService          &amp#27;[0;39m &amp#27;[2m:&amp#27;[0;39m Checking spare change threshold
&amp#27;[2m2025-06-27T09:06:19.620-05:00&amp#27;[0;39m &amp#27;[32m INFO&amp#27;[0;39m &amp#27;[35m8981&amp#27;[0;39m &amp#27;[2m---&amp#27;[0;39m &amp#27;[2m[           main]&amp#27;[0;39m &amp#27;[36mc.e.s.controller.RoundUpControllerTest  &amp#27;[0;39m &amp#27;[2m:&amp#27;[0;39m Started RoundUpControllerTest in 6.404 seconds (process running for 7.708)
Hibernate: select coalesce(sum(t1_0.spare_usd),0) from transactions t1_0 where t1_0.status=?
&amp#27;[2m2025-06-27T09:06:19.722-05:00&amp#27;[0;39m &amp#27;[32m INFO&amp#27;[0;39m &amp#27;[35m8981&amp#27;[0;39m &amp#27;[2m---&amp#27;[0;39m &amp#27;[2m[   scheduling-1]&amp#27;[0;39m &amp#27;[36mc.e.s.service.ThresholdService          &amp#27;[0;39m &amp#27;[2m:&amp#27;[0;39m Total spare change available: $0
&amp#27;[2m2025-06-27T09:06:19.723-05:00&amp#27;[0;39m &amp#27;[32m INFO&amp#27;[0;39m &amp#27;[35m8981&amp#27;[0;39m &amp#27;[2m---&amp#27;[0;39m &amp#27;[2m[   scheduling-1]&amp#27;[0;39m &amp#27;[36mc.e.s.service.ThresholdService          &amp#27;[0;39m &amp#27;[2m:&amp#27;[0;39m Spare change $0 is below threshold $5.0
Hibernate: select r1_0.id,r1_0.coinbase_order_id,r1_0.created_at,r1_0.total_usd from roundup_summaries r1_0
Hibernate: select r1_0.id,r1_0.coinbase_order_id,r1_0.created_at,r1_0.total_usd from roundup_summaries r1_0 order by r1_0.created_at desc offset ? rows fetch first ? rows only
Hibernate: select r1_0.id,r1_0.coinbase_order_id,r1_0.created_at,r1_0.total_usd from roundup_summaries r1_0
]]></system-out>
    <system-err><![CDATA[WARNING: A Java agent has been loaded dynamically (/Users/WenGuReal/.m2/repository/net/bytebuddy/byte-buddy-agent/1.14.9/byte-buddy-agent-1.14.9.jar)
WARNING: If a serviceability tool is in use, please run with -XX:+EnableDynamicAgentLoading to hide this warning
WARNING: If a serviceability tool is not in use, please run with -Djdk.instrument.traceUsage for more information
WARNING: Dynamic loading of agents will be disallowed by default in a future release
]]></system-err>
  </testcase>
  <testcase name="testGetAllRoundUpOrders" classname="com.example.sparechange.controller.RoundUpControllerTest" time="0.034">
    <system-out><![CDATA[Hibernate: select r1_0.id,r1_0.coinbase_order_id,r1_0.created_at,r1_0.total_usd from roundup_summaries r1_0
Hibernate: insert into roundup_summaries (coinbase_order_id,created_at,total_usd,id) values (?,?,?,default)
Hibernate: select r1_0.id,r1_0.coinbase_order_id,r1_0.created_at,r1_0.total_usd from roundup_summaries r1_0
]]></system-out>
  </testcase>
  <testcase name="testGetRoundUpSummary" classname="com.example.sparechange.controller.RoundUpControllerTest" time="0.02">
    <system-out><![CDATA[Hibernate: select r1_0.id,r1_0.coinbase_order_id,r1_0.created_at,r1_0.total_usd from roundup_summaries r1_0
Hibernate: delete from roundup_summaries where id=?
Hibernate: insert into roundup_summaries (coinbase_order_id,created_at,total_usd,id) values (?,?,?,default)
Hibernate: insert into roundup_summaries (coinbase_order_id,created_at,total_usd,id) values (?,?,?,default)
Hibernate: select r1_0.id,r1_0.coinbase_order_id,r1_0.created_at,r1_0.total_usd from roundup_summaries r1_0
]]></system-out>
  </testcase>
  <testcase name="testGetRoundUpOrders" classname="com.example.sparechange.controller.RoundUpControllerTest" time="0.019">
    <system-out><![CDATA[Hibernate: select r1_0.id,r1_0.coinbase_order_id,r1_0.created_at,r1_0.total_usd from roundup_summaries r1_0
Hibernate: delete from roundup_summaries where id=?
Hibernate: delete from roundup_summaries where id=?
Hibernate: insert into roundup_summaries (coinbase_order_id,created_at,total_usd,id) values (?,?,?,default)
Hibernate: insert into roundup_summaries (coinbase_order_id,created_at,total_usd,id) values (?,?,?,default)
Hibernate: select r1_0.id,r1_0.coinbase_order_id,r1_0.created_at,r1_0.total_usd from roundup_summaries r1_0 order by r1_0.created_at desc offset ? rows fetch first ? rows only
]]></system-out>
  </testcase>
</testsuite>